<?xml version="1.0" encoding="UTF-8"?>
<!-- Generated by org.testng.reporters.JUnitXMLReporter -->
<testsuite ignored="0" hostname="DESKTOP-FQEJNI0" failures="0" tests="3" name="Default test" time="7.837" errors="0" timestamp="2023-05-20T15:10:50 EET">
  <testcase classname="LoginFDoodics.Foodics.FoodicsTCs" name="User_login_Successfully" time="6.037"/>
  <testcase classname="LoginFDoodics.Foodics.FoodicsTCs" name="VerifyHomePageContent" time="0.631"/>
  <testcase classname="LoginFDoodics.Foodics.FoodicsTCs" name="VerifyThat_ICanChageFontFrom_whoami" time="1.036"/>
</testsuite> <!-- Default test -->
